{"D:\\loanBeam\\loan-beam\\src\\components\\FloatingLabel\\FloatingLabel.jsx":{"path":"D:\\loanBeam\\loan-beam\\src\\components\\FloatingLabel\\FloatingLabel.jsx","s":{"1":1,"2":1,"3":1,"4":1,"5":1,"6":1,"7":1,"8":1,"9":1,"10":1,"11":1,"12":1,"13":1,"14":1,"15":1,"16":1,"17":1,"18":1,"19":1,"20":1,"21":1,"22":1,"23":1,"24":6,"25":1,"26":1,"27":1,"28":1,"29":1,"30":1,"31":3,"32":2,"33":1,"34":3,"35":3,"36":3,"37":0,"38":3,"39":1,"40":1,"41":1,"42":10,"43":10,"44":10,"45":10,"46":3,"47":3,"48":0,"49":1,"50":1},"b":{"1":[5,1],"2":[6,6],"3":[1,0],"4":[2,1],"5":[0,3],"6":[3,7],"7":[6,4],"8":[10,6],"9":[0,10],"10":[2,8],"11":[10,2,8],"12":[0,10],"13":[7,3],"14":[0,3],"15":[10,7],"16":[10,0],"17":[2,8],"18":[10,2,8],"19":[0,2],"20":[10,4,2]},"f":{"1":6,"2":1,"3":1,"4":3,"5":10,"6":3},"fnMap":{"1":{"name":"_interopRequireDefault","line":0,"loc":{"start":{"line":0,"column":0},"end":{"line":0,"column":0}},"skip":true},"2":{"name":"(anonymous_2)","line":0,"loc":{"start":{"line":0,"column":0},"end":{"line":0,"column":0}},"skip":true},"3":{"name":"FloatingLabelField","line":12,"loc":{"start":{"line":12,"column":18},"end":{"line":12,"column":18}}},"4":{"name":"(anonymous_4)","line":20,"loc":{"start":{"line":20,"column":27},"end":{"line":20,"column":32}}},"5":{"name":"render","line":35,"loc":{"start":{"line":35,"column":13},"end":{"line":35,"column":13}}},"6":{"name":"onKeyUp","line":68,"loc":{"start":{"line":68,"column":33},"end":{"line":68,"column":38}}}},"statementMap":{"1":{"start":{"line":0,"column":0},"end":{"line":0,"column":0},"skip":true},"2":{"start":{"line":0,"column":0},"end":{"line":0,"column":0},"skip":true},"3":{"start":{"line":0,"column":0},"end":{"line":0,"column":0},"skip":true},"4":{"start":{"line":0,"column":0},"end":{"line":0,"column":0},"skip":true},"5":{"start":{"line":0,"column":0},"end":{"line":0,"column":0},"skip":true},"6":{"start":{"line":0,"column":0},"end":{"line":0,"column":0},"skip":true},"7":{"start":{"line":0,"column":0},"end":{"line":0,"column":0},"skip":true},"8":{"start":{"line":0,"column":0},"end":{"line":0,"column":0},"skip":true},"9":{"start":{"line":0,"column":0},"end":{"line":0,"column":0},"skip":true},"10":{"start":{"line":0,"column":0},"end":{"line":0,"column":0},"skip":true},"11":{"start":{"line":0,"column":0},"end":{"line":0,"column":0},"skip":true},"12":{"start":{"line":0,"column":0},"end":{"line":0,"column":0},"skip":true},"13":{"start":{"line":1,"column":0},"end":{"line":null,"column":null}},"14":{"start":{"line":0,"column":0},"end":{"line":0,"column":0},"skip":true},"15":{"start":{"line":2,"column":0},"end":{"line":null,"column":null}},"16":{"start":{"line":3,"column":0},"end":{"line":null,"column":null}},"17":{"start":{"line":4,"column":0},"end":{"line":null,"column":null}},"18":{"start":{"line":5,"column":0},"end":{"line":null,"column":null}},"19":{"start":{"line":6,"column":0},"end":{"line":null,"column":null}},"20":{"start":{"line":7,"column":0},"end":{"line":null,"column":null}},"21":{"start":{"line":8,"column":0},"end":{"line":null,"column":null}},"22":{"start":{"line":9,"column":0},"end":{"line":null,"column":null}},"23":{"start":{"line":0,"column":0},"end":{"line":0,"column":0},"skip":true},"24":{"start":{"line":0,"column":0},"end":{"line":0,"column":0},"skip":true},"25":{"start":{"line":11,"column":13},"end":{"line":null,"column":null}},"26":{"start":{"line":0,"column":0},"end":{"line":0,"column":0},"skip":true},"27":{"start":{"line":12,"column":18},"end":{"line":null,"column":null}},"28":{"start":{"line":0,"column":0},"end":{"line":0,"column":0},"skip":true},"29":{"start":{"line":0,"column":0},"end":{"line":0,"column":0},"skip":true},"30":{"start":{"line":20,"column":4},"end":{"line":null,"column":null}},"31":{"start":{"line":21,"column":12},"end":{"line":null,"column":null}},"32":{"start":{"line":22,"column":17},"end":{"line":null,"column":null}},"33":{"start":{"line":24,"column":17},"end":{"line":null,"column":null}},"34":{"start":{"line":26,"column":14},"end":{"line":null,"column":null}},"35":{"start":{"line":27,"column":14},"end":{"line":null,"column":null}},"36":{"start":{"line":28,"column":12},"end":{"line":null,"column":null}},"37":{"start":{"line":29,"column":17},"end":{"line":null,"column":null}},"38":{"start":{"line":31,"column":17},"end":{"line":null,"column":null}},"39":{"start":{"line":14,"column":13},"end":{"line":null,"column":null}},"40":{"start":{"line":0,"column":0},"end":{"line":0,"column":0},"skip":true},"41":{"start":{"line":0,"column":0},"end":{"line":0,"column":0},"skip":true},"42":{"start":{"line":0,"column":0},"end":{"line":0,"column":0},"skip":true},"43":{"start":{"line":51,"column":12},"end":{"line":null,"column":null}},"44":{"start":{"line":52,"column":46},"end":{"line":null,"column":null}},"45":{"start":{"line":55,"column":12},"end":{"line":null,"column":null}},"46":{"start":{"line":69,"column":33},"end":{"line":null,"column":null}},"47":{"start":{"line":70,"column":32},"end":{"line":null,"column":null}},"48":{"start":{"line":71,"column":43},"end":{"line":null,"column":null}},"49":{"start":{"line":0,"column":0},"end":{"line":0,"column":0},"skip":true},"50":{"start":{"line":123,"column":15},"end":{"line":null,"column":null}}},"branchMap":{"1":{"line":0,"type":"cond-expr","locations":[{"start":{"line":0,"column":0},"end":{"line":0,"column":0},"skip":true},{"start":{"line":0,"column":0},"end":{"line":0,"column":0},"skip":true}]},"2":{"line":0,"type":"binary-expr","locations":[{"start":{"line":0,"column":0},"end":{"line":0,"column":0},"skip":true},{"start":{"line":0,"column":0},"end":{"line":0,"column":0},"skip":true}]},"3":{"line":0,"type":"binary-expr","locations":[{"start":{"line":0,"column":0},"end":{"line":0,"column":0},"skip":true},{"start":{"line":0,"column":0},"end":{"line":0,"column":0},"skip":true}]},"4":{"line":21,"type":"if","locations":[{"start":{"line":21,"column":12},"end":{"line":21,"column":12}},{"start":{"line":21,"column":12},"end":{"line":21,"column":12}}]},"5":{"line":28,"type":"if","locations":[{"start":{"line":28,"column":12},"end":{"line":28,"column":12}},{"start":{"line":28,"column":12},"end":{"line":28,"column":12}}]},"6":{"line":56,"type":"cond-expr","locations":[{"start":{"line":56,"column":40},"end":{"line":56,"column":20}},{"start":{"line":56,"column":56},"end":{"line":55,"column":12}}]},"7":{"line":57,"type":"cond-expr","locations":[{"start":{"line":57,"column":62},"end":{"line":57,"column":27}},{"start":{"line":57,"column":89},"end":{"line":null,"column":null}}]},"8":{"line":57,"type":"binary-expr","locations":[{"start":{"line":57,"column":27},"end":{"line":57,"column":41}},{"start":{"line":57,"column":41},"end":{"line":57,"column":27}}]},"9":{"line":60,"type":"cond-expr","locations":[{"start":{"line":60,"column":40},"end":{"line":60,"column":24}},{"start":{"line":60,"column":58},"end":{"line":59,"column":16}}]},"10":{"line":61,"type":"cond-expr","locations":[{"start":{"line":61,"column":67},"end":{"line":61,"column":31}},{"start":{"line":61,"column":98},"end":{"line":null,"column":null}}]},"11":{"line":61,"type":"binary-expr","locations":[{"start":{"line":61,"column":32},"end":{"line":61,"column":43}},{"start":{"line":61,"column":43},"end":{"line":61,"column":31}},{"start":{"line":61,"column":53},"end":{"line":61,"column":31}}]},"12":{"line":65,"type":"cond-expr","locations":[{"start":{"line":65,"column":53},"end":{"line":65,"column":38}},{"start":{"line":65,"column":68},"end":{"line":63,"column":20}}]},"13":{"line":67,"type":"cond-expr","locations":[{"start":{"line":67,"column":56},"end":{"line":67,"column":36}},{"start":{"line":67,"column":88},"end":{"line":63,"column":20}}]},"14":{"line":70,"type":"if","locations":[{"start":{"line":70,"column":32},"end":{"line":70,"column":32}},{"start":{"line":70,"column":32},"end":{"line":70,"column":32}}]},"15":{"line":80,"type":"binary-expr","locations":[{"start":{"line":80,"column":30},"end":{"line":80,"column":21}},{"start":{"line":82,"column":28},"end":{"line":59,"column":16}}]},"16":{"line":94,"type":"binary-expr","locations":[{"start":{"line":94,"column":24},"end":{"line":94,"column":24}},{"start":{"line":94,"column":24},"end":{"line":59,"column":16}}]},"17":{"line":102,"type":"cond-expr","locations":[{"start":{"line":102,"column":24},"end":{"line":101,"column":21}},{"start":{"line":103,"column":24},"end":{"line":59,"column":16}}]},"18":{"line":101,"type":"binary-expr","locations":[{"start":{"line":101,"column":33},"end":{"line":101,"column":33}},{"start":{"line":101,"column":33},"end":{"line":101,"column":21}},{"start":{"line":101,"column":43},"end":{"line":101,"column":21}}]},"19":{"line":102,"type":"cond-expr","locations":[{"start":{"line":102,"column":68},"end":{"line":102,"column":54}},{"start":{"line":102,"column":82},"end":{"line":null,"column":null}}]},"20":{"line":106,"type":"binary-expr","locations":[{"start":{"line":106,"column":27},"end":{"line":106,"column":26}},{"start":{"line":106,"column":36},"end":{"line":106,"column":26}},{"start":{"line":107,"column":28},"end":{"line":null,"column":null}}]}}},"D:\\loanBeam\\loan-beam\\src\\common\\constants.js":{"path":"D:\\loanBeam\\loan-beam\\src\\common\\constants.js","s":{"1":1,"2":1,"3":1,"4":1,"5":1,"6":1},"b":{},"f":{},"fnMap":{},"statementMap":{"1":{"start":{"line":0,"column":0},"end":{"line":0,"column":0},"skip":true},"2":{"start":{"line":1,"column":7},"end":{"line":null,"column":null}},"3":{"start":{"line":2,"column":7},"end":{"line":null,"column":null}},"4":{"start":{"line":4,"column":7},"end":{"line":null,"column":null}},"5":{"start":{"line":5,"column":7},"end":{"line":null,"column":null}},"6":{"start":{"line":6,"column":7},"end":{"line":null,"column":null}}},"branchMap":{}},"D:\\loanBeam\\loan-beam\\src\\api\\RestClient.js":{"path":"D:\\loanBeam\\loan-beam\\src\\api\\RestClient.js","s":{"1":0,"2":0,"3":0,"4":0,"5":0,"6":0,"7":0,"8":0,"9":0,"10":0,"11":0,"12":0,"13":0,"14":0,"15":0,"16":0,"17":0,"18":0,"19":0,"20":0,"21":0,"22":0,"23":0,"24":0,"25":0,"26":0,"27":0,"28":0,"29":0,"30":0,"31":0,"32":0,"33":0,"34":0,"35":0,"36":0,"37":0,"38":0,"39":0,"40":0,"41":0,"42":0,"43":0,"44":0,"45":0,"46":0,"47":0,"48":0,"49":0,"50":0,"51":0,"52":0,"53":0,"54":0,"55":0,"56":0,"57":0},"b":{"1":[0,0],"2":[0,0],"3":[0,0],"4":[0,0],"5":[0,0],"6":[0,0]},"f":{"1":0,"2":0,"3":0,"4":0,"5":0,"6":0,"7":0,"8":0,"9":0,"10":0,"11":0,"12":0,"13":0,"14":0,"15":0,"16":0,"17":0,"18":0,"19":0,"20":0,"21":0,"22":0},"fnMap":{"1":{"name":"_interopRequireDefault","line":0,"loc":{"start":{"line":0,"column":0},"end":{"line":0,"column":0}},"skip":true},"2":{"name":"getURLWithParams","line":3,"loc":{"start":{"line":3,"column":25},"end":{"line":3,"column":32}}},"3":{"name":"getValidErrors","line":14,"loc":{"start":{"line":14,"column":23},"end":{"line":14,"column":42}}},"4":{"name":"(anonymous_4)","line":0,"loc":{"start":{"line":0,"column":0},"end":{"line":0,"column":0}},"skip":true},"5":{"name":"RestClient","line":0,"loc":{"start":{"line":0,"column":0},"end":{"line":0,"column":0}},"skip":true},"6":{"name":"get","line":29,"loc":{"start":{"line":29,"column":15},"end":{"line":29,"column":23}}},"7":{"name":"(anonymous_7)","line":36,"loc":{"start":{"line":36,"column":24},"end":{"line":36,"column":36}}},"8":{"name":"(anonymous_8)","line":41,"loc":{"start":{"line":41,"column":34},"end":{"line":null,"column":null}}},"9":{"name":"(anonymous_9)","line":42,"loc":{"start":{"line":42,"column":25},"end":{"line":42,"column":34}}},"10":{"name":"post","line":47,"loc":{"start":{"line":47,"column":16},"end":{"line":47,"column":24}}},"11":{"name":"(anonymous_11)","line":55,"loc":{"start":{"line":55,"column":16},"end":{"line":55,"column":28}}},"12":{"name":"(anonymous_12)","line":57,"loc":{"start":{"line":57,"column":16},"end":{"line":57,"column":24}}},"13":{"name":"(anonymous_13)","line":62,"loc":{"start":{"line":62,"column":21},"end":{"line":62,"column":30}}},"14":{"name":"put","line":67,"loc":{"start":{"line":67,"column":15},"end":{"line":67,"column":23}}},"15":{"name":"(anonymous_15)","line":75,"loc":{"start":{"line":75,"column":16},"end":{"line":75,"column":28}}},"16":{"name":"(anonymous_16)","line":80,"loc":{"start":{"line":80,"column":26},"end":{"line":null,"column":null}}},"17":{"name":"(anonymous_17)","line":81,"loc":{"start":{"line":81,"column":17},"end":{"line":81,"column":26}}},"18":{"name":"_delete","line":87,"loc":{"start":{"line":87,"column":18},"end":{"line":87,"column":26}}},"19":{"name":"(anonymous_19)","line":95,"loc":{"start":{"line":95,"column":16},"end":{"line":95,"column":28}}},"20":{"name":"(anonymous_20)","line":100,"loc":{"start":{"line":100,"column":26},"end":{"line":null,"column":null}}},"21":{"name":"(anonymous_21)","line":101,"loc":{"start":{"line":101,"column":17},"end":{"line":101,"column":26}}},"22":{"name":"setContext","line":106,"loc":{"start":{"line":106,"column":22},"end":{"line":106,"column":31}}}},"statementMap":{"1":{"start":{"line":0,"column":0},"end":{"line":0,"column":0},"skip":true},"2":{"start":{"line":0,"column":0},"end":{"line":0,"column":0},"skip":true},"3":{"start":{"line":0,"column":0},"end":{"line":0,"column":0},"skip":true},"4":{"start":{"line":0,"column":0},"end":{"line":0,"column":0},"skip":true},"5":{"start":{"line":0,"column":0},"end":{"line":0,"column":0},"skip":true},"6":{"start":{"line":1,"column":0},"end":{"line":null,"column":null}},"7":{"start":{"line":0,"column":0},"end":{"line":0,"column":0},"skip":true},"8":{"start":{"line":0,"column":0},"end":{"line":0,"column":0},"skip":true},"9":{"start":{"line":3,"column":0},"end":{"line":null,"column":null}},"10":{"start":{"line":4,"column":10},"end":{"line":null,"column":null}},"11":{"start":{"line":5,"column":8},"end":{"line":null,"column":null}},"12":{"start":{"line":7,"column":8},"end":{"line":null,"column":null}},"13":{"start":{"line":8,"column":22},"end":{"line":null,"column":null}},"14":{"start":{"line":11,"column":11},"end":{"line":null,"column":null}},"15":{"start":{"line":14,"column":0},"end":{"line":null,"column":null}},"16":{"start":{"line":15,"column":10},"end":{"line":null,"column":null}},"17":{"start":{"line":16,"column":8},"end":{"line":null,"column":null}},"18":{"start":{"line":17,"column":55},"end":{"line":null,"column":null}},"19":{"start":{"line":19,"column":15},"end":{"line":null,"column":null}},"20":{"start":{"line":22,"column":7},"end":{"line":null,"column":null}},"21":{"start":{"line":28,"column":21},"end":{"line":null,"column":null}},"22":{"start":{"line":0,"column":0},"end":{"line":0,"column":0},"skip":true},"23":{"start":{"line":0,"column":0},"end":{"line":0,"column":0},"skip":true},"24":{"start":{"line":0,"column":0},"end":{"line":0,"column":0},"skip":true},"25":{"start":{"line":30,"column":14},"end":{"line":null,"column":null}},"26":{"start":{"line":32,"column":15},"end":{"line":null,"column":null}},"27":{"start":{"line":37,"column":26},"end":{"line":null,"column":null}},"28":{"start":{"line":38,"column":26},"end":{"line":null,"column":null}},"29":{"start":{"line":40,"column":23},"end":{"line":null,"column":null}},"30":{"start":{"line":41,"column":43},"end":{"line":null,"column":null}},"31":{"start":{"line":43,"column":27},"end":{"line":null,"column":null}},"32":{"start":{"line":48,"column":14},"end":{"line":null,"column":null}},"33":{"start":{"line":50,"column":15},"end":{"line":null,"column":null}},"34":{"start":{"line":56,"column":15},"end":{"line":null,"column":null}},"35":{"start":{"line":58,"column":18},"end":{"line":null,"column":null}},"36":{"start":{"line":59,"column":18},"end":{"line":null,"column":null}},"37":{"start":{"line":61,"column":15},"end":{"line":null,"column":null}},"38":{"start":{"line":63,"column":23},"end":{"line":null,"column":null}},"39":{"start":{"line":68,"column":14},"end":{"line":null,"column":null}},"40":{"start":{"line":70,"column":15},"end":{"line":null,"column":null}},"41":{"start":{"line":76,"column":18},"end":{"line":null,"column":null}},"42":{"start":{"line":77,"column":18},"end":{"line":null,"column":null}},"43":{"start":{"line":79,"column":15},"end":{"line":null,"column":null}},"44":{"start":{"line":80,"column":35},"end":{"line":null,"column":null}},"45":{"start":{"line":82,"column":19},"end":{"line":null,"column":null}},"46":{"start":{"line":88,"column":14},"end":{"line":null,"column":null}},"47":{"start":{"line":90,"column":15},"end":{"line":null,"column":null}},"48":{"start":{"line":96,"column":18},"end":{"line":null,"column":null}},"49":{"start":{"line":97,"column":18},"end":{"line":null,"column":null}},"50":{"start":{"line":99,"column":15},"end":{"line":null,"column":null}},"51":{"start":{"line":100,"column":35},"end":{"line":null,"column":null}},"52":{"start":{"line":102,"column":19},"end":{"line":null,"column":null}},"53":{"start":{"line":107,"column":13},"end":{"line":null,"column":null}},"54":{"start":{"line":108,"column":13},"end":{"line":null,"column":null}},"55":{"start":{"line":0,"column":0},"end":{"line":0,"column":0},"skip":true},"56":{"start":{"line":28,"column":21},"end":{"line":null,"column":null}},"57":{"start":{"line":0,"column":0},"end":{"line":0,"column":0},"skip":true}},"branchMap":{"1":{"line":0,"type":"cond-expr","locations":[{"start":{"line":0,"column":0},"end":{"line":0,"column":0},"skip":true},{"start":{"line":0,"column":0},"end":{"line":0,"column":0},"skip":true}]},"2":{"line":0,"type":"binary-expr","locations":[{"start":{"line":0,"column":0},"end":{"line":0,"column":0},"skip":true},{"start":{"line":0,"column":0},"end":{"line":0,"column":0},"skip":true}]},"3":{"line":7,"type":"if","locations":[{"start":{"line":7,"column":8},"end":{"line":7,"column":8}},{"start":{"line":7,"column":8},"end":{"line":7,"column":8},"skip":true}]},"4":{"line":11,"type":"cond-expr","locations":[{"start":{"line":11,"column":28},"end":{"line":11,"column":11}},{"start":{"line":11,"column":51},"end":{"line":11,"column":4}}]},"5":{"line":16,"type":"if","locations":[{"start":{"line":16,"column":8},"end":{"line":16,"column":8}},{"start":{"line":16,"column":8},"end":{"line":16,"column":8}}]},"6":{"line":17,"type":"binary-expr","locations":[{"start":{"line":17,"column":55},"end":{"line":17,"column":55}},{"start":{"line":17,"column":76},"end":{"line":16,"column":22}}]}}},"D:\\loanBeam\\loan-beam\\src\\api\\SignInApi.js":{"path":"D:\\loanBeam\\loan-beam\\src\\api\\SignInApi.js","s":{"1":0,"2":0,"3":0,"4":0,"5":0,"6":0,"7":0,"8":0,"9":0,"10":0,"11":0,"12":0,"13":0,"14":0,"15":0},"b":{"1":[0,0],"2":[0,0]},"f":{"1":0,"2":0,"3":0},"fnMap":{"1":{"name":"_interopRequireDefault","line":0,"loc":{"start":{"line":0,"column":0},"end":{"line":0,"column":0}},"skip":true},"2":{"name":"signInCase","line":5,"loc":{"start":{"line":5,"column":7},"end":{"line":5,"column":34}}},"3":{"name":"(anonymous_3)","line":12,"loc":{"start":{"line":12,"column":14},"end":{"line":null,"column":null}}}},"statementMap":{"1":{"start":{"line":0,"column":0},"end":{"line":0,"column":0},"skip":true},"2":{"start":{"line":5,"column":16},"end":{"line":null,"column":null}},"3":{"start":{"line":2,"column":0},"end":{"line":null,"column":null}},"4":{"start":{"line":0,"column":0},"end":{"line":0,"column":0},"skip":true},"5":{"start":{"line":3,"column":0},"end":{"line":null,"column":null}},"6":{"start":{"line":0,"column":0},"end":{"line":0,"column":0},"skip":true},"7":{"start":{"line":0,"column":0},"end":{"line":0,"column":0},"skip":true},"8":{"start":{"line":5,"column":7},"end":{"line":null,"column":null}},"9":{"start":{"line":6,"column":10},"end":{"line":null,"column":null}},"10":{"start":{"line":7,"column":11},"end":{"line":null,"column":null}},"11":{"start":{"line":8,"column":11},"end":{"line":null,"column":null}},"12":{"start":{"line":9,"column":11},"end":{"line":null,"column":null}},"13":{"start":{"line":11,"column":11},"end":{"line":null,"column":null}},"14":{"start":{"line":12,"column":22},"end":{"line":null,"column":null}},"15":{"start":{"line":15,"column":15},"end":{"line":null,"column":null}}},"branchMap":{"1":{"line":0,"type":"cond-expr","locations":[{"start":{"line":0,"column":0},"end":{"line":0,"column":0},"skip":true},{"start":{"line":0,"column":0},"end":{"line":0,"column":0},"skip":true}]},"2":{"line":0,"type":"binary-expr","locations":[{"start":{"line":0,"column":0},"end":{"line":0,"column":0},"skip":true},{"start":{"line":0,"column":0},"end":{"line":0,"column":0},"skip":true}]}}},"D:\\loanBeam\\loan-beam\\src\\common\\LoanBeamConfig.js":{"path":"D:\\loanBeam\\loan-beam\\src\\common\\LoanBeamConfig.js","s":{"1":0,"2":0,"3":0,"4":0,"5":0,"6":0,"7":0,"8":0,"9":0,"10":0,"11":0,"12":0},"b":{"1":[0,0],"2":[0,0]},"f":{"1":0,"2":0,"3":0},"fnMap":{"1":{"name":"_interopRequireDefault","line":0,"loc":{"start":{"line":0,"column":0},"end":{"line":0,"column":0}},"skip":true},"2":{"name":"LoanBeamConfig","line":0,"loc":{"start":{"line":0,"column":0},"end":{"line":0,"column":0}},"skip":true},"3":{"name":"(anonymous_3)","line":2,"loc":{"start":{"line":2,"column":20},"end":{"line":null,"column":null}}}},"statementMap":{"1":{"start":{"line":0,"column":0},"end":{"line":0,"column":0},"skip":true},"2":{"start":{"line":0,"column":0},"end":{"line":0,"column":0},"skip":true},"3":{"start":{"line":0,"column":0},"end":{"line":0,"column":0},"skip":true},"4":{"start":{"line":0,"column":0},"end":{"line":0,"column":0},"skip":true},"5":{"start":{"line":0,"column":0},"end":{"line":0,"column":0},"skip":true},"6":{"start":{"line":0,"column":0},"end":{"line":0,"column":0},"skip":true},"7":{"start":{"line":1,"column":13},"end":{"line":null,"column":null}},"8":{"start":{"line":0,"column":0},"end":{"line":0,"column":0},"skip":true},"9":{"start":{"line":1,"column":13},"end":{"line":null,"column":null}},"10":{"start":{"line":2,"column":26},"end":{"line":null,"column":null}},"11":{"start":{"line":4,"column":15},"end":{"line":null,"column":null}},"12":{"start":{"line":6,"column":7},"end":{"line":null,"column":null}}},"branchMap":{"1":{"line":0,"type":"cond-expr","locations":[{"start":{"line":0,"column":0},"end":{"line":0,"column":0},"skip":true},{"start":{"line":0,"column":0},"end":{"line":0,"column":0},"skip":true}]},"2":{"line":0,"type":"binary-expr","locations":[{"start":{"line":0,"column":0},"end":{"line":0,"column":0},"skip":true},{"start":{"line":0,"column":0},"end":{"line":0,"column":0},"skip":true}]}}},"D:\\loanBeam\\loan-beam\\src\\common\\utils.js":{"path":"D:\\loanBeam\\loan-beam\\src\\common\\utils.js","s":{},"b":{},"f":{},"fnMap":{},"statementMap":{},"branchMap":{}},"D:\\loanBeam\\loan-beam\\src\\components\\LandingPage\\LandingPage.jsx":{"path":"D:\\loanBeam\\loan-beam\\src\\components\\LandingPage\\LandingPage.jsx","s":{"1":0,"2":0,"3":0,"4":0,"5":0,"6":0,"7":0,"8":0,"9":0,"10":0,"11":0,"12":0,"13":0,"14":0,"15":0,"16":0,"17":0,"18":0,"19":0,"20":0,"21":0,"22":0,"23":0,"24":0,"25":0,"26":0},"b":{"1":[0,0],"2":[0,0],"3":[0,0]},"f":{"1":0,"2":0,"3":0,"4":0},"fnMap":{"1":{"name":"_interopRequireDefault","line":0,"loc":{"start":{"line":0,"column":0},"end":{"line":0,"column":0}},"skip":true},"2":{"name":"(anonymous_2)","line":0,"loc":{"start":{"line":0,"column":0},"end":{"line":0,"column":0}},"skip":true},"3":{"name":"Login","line":0,"loc":{"start":{"line":0,"column":0},"end":{"line":0,"column":0}},"skip":true},"4":{"name":"render","line":6,"loc":{"start":{"line":6,"column":13},"end":{"line":6,"column":13}}}},"statementMap":{"1":{"start":{"line":0,"column":0},"end":{"line":0,"column":0},"skip":true},"2":{"start":{"line":0,"column":0},"end":{"line":0,"column":0},"skip":true},"3":{"start":{"line":0,"column":0},"end":{"line":0,"column":0},"skip":true},"4":{"start":{"line":0,"column":0},"end":{"line":0,"column":0},"skip":true},"5":{"start":{"line":0,"column":0},"end":{"line":0,"column":0},"skip":true},"6":{"start":{"line":0,"column":0},"end":{"line":0,"column":0},"skip":true},"7":{"start":{"line":0,"column":0},"end":{"line":0,"column":0},"skip":true},"8":{"start":{"line":0,"column":0},"end":{"line":0,"column":0},"skip":true},"9":{"start":{"line":0,"column":0},"end":{"line":0,"column":0},"skip":true},"10":{"start":{"line":1,"column":0},"end":{"line":null,"column":null}},"11":{"start":{"line":0,"column":0},"end":{"line":0,"column":0},"skip":true},"12":{"start":{"line":2,"column":0},"end":{"line":null,"column":null}},"13":{"start":{"line":0,"column":0},"end":{"line":0,"column":0},"skip":true},"14":{"start":{"line":3,"column":0},"end":{"line":null,"column":null}},"15":{"start":{"line":0,"column":0},"end":{"line":0,"column":0},"skip":true},"16":{"start":{"line":0,"column":0},"end":{"line":0,"column":0},"skip":true},"17":{"start":{"line":5,"column":21},"end":{"line":null,"column":null}},"18":{"start":{"line":0,"column":0},"end":{"line":0,"column":0},"skip":true},"19":{"start":{"line":0,"column":0},"end":{"line":0,"column":0},"skip":true},"20":{"start":{"line":0,"column":0},"end":{"line":0,"column":0},"skip":true},"21":{"start":{"line":0,"column":0},"end":{"line":0,"column":0},"skip":true},"22":{"start":{"line":0,"column":0},"end":{"line":0,"column":0},"skip":true},"23":{"start":{"line":8,"column":12},"end":{"line":null,"column":null}},"24":{"start":{"line":0,"column":0},"end":{"line":0,"column":0},"skip":true},"25":{"start":{"line":5,"column":21},"end":{"line":null,"column":null}},"26":{"start":{"line":0,"column":0},"end":{"line":0,"column":0},"skip":true}},"branchMap":{"1":{"line":0,"type":"cond-expr","locations":[{"start":{"line":0,"column":0},"end":{"line":0,"column":0},"skip":true},{"start":{"line":0,"column":0},"end":{"line":0,"column":0},"skip":true}]},"2":{"line":0,"type":"binary-expr","locations":[{"start":{"line":0,"column":0},"end":{"line":0,"column":0},"skip":true},{"start":{"line":0,"column":0},"end":{"line":0,"column":0},"skip":true}]},"3":{"line":0,"type":"binary-expr","locations":[{"start":{"line":0,"column":0},"end":{"line":0,"column":0},"skip":true},{"start":{"line":0,"column":0},"end":{"line":0,"column":0},"skip":true}]}}},"D:\\loanBeam\\loan-beam\\src\\components\\SignIn\\SignIn.jsx":{"path":"D:\\loanBeam\\loan-beam\\src\\components\\SignIn\\SignIn.jsx","s":{"1":0,"2":0,"3":0,"4":0,"5":0,"6":0,"7":0,"8":0,"9":0,"10":0,"11":0,"12":0,"13":0,"14":0,"15":0,"16":0,"17":0,"18":0,"19":0,"20":0,"21":0,"22":0,"23":0,"24":0,"25":0,"26":0,"27":0,"28":0,"29":0,"30":0,"31":0,"32":0,"33":0,"34":0,"35":0,"36":0,"37":0,"38":0,"39":0,"40":0,"41":0,"42":0,"43":0,"44":0,"45":0,"46":0,"47":0,"48":0,"49":0,"50":0,"51":0,"52":0,"53":0,"54":0,"55":0,"56":0,"57":0,"58":0},"b":{"1":[0,0],"2":[0,0],"3":[0,0],"4":[0,0],"5":[0,0],"6":[0,0],"7":[0,0],"8":[0,0],"9":[0,0],"10":[0,0]},"f":{"1":0,"2":0,"3":0,"4":0,"5":0,"6":0,"7":0,"8":0,"9":0},"fnMap":{"1":{"name":"_interopRequireDefault","line":0,"loc":{"start":{"line":0,"column":0},"end":{"line":0,"column":0}},"skip":true},"2":{"name":"validate","line":9,"loc":{"start":{"line":9,"column":24},"end":{"line":9,"column":34}}},"3":{"name":"renderFieldInput","line":24,"loc":{"start":{"line":24,"column":32},"end":{"line":null,"column":null}}},"4":{"name":"(anonymous_4)","line":0,"loc":{"start":{"line":0,"column":0},"end":{"line":0,"column":0}},"skip":true},"5":{"name":"SignIn","line":34,"loc":{"start":{"line":34,"column":18},"end":{"line":34,"column":18}}},"6":{"name":"(anonymous_6)","line":42,"loc":{"start":{"line":42,"column":17},"end":{"line":42,"column":26}}},"7":{"name":"(anonymous_7)","line":50,"loc":{"start":{"line":50,"column":22},"end":{"line":50,"column":28}}},"8":{"name":"render","line":58,"loc":{"start":{"line":58,"column":13},"end":{"line":58,"column":13}}},"9":{"name":"signInFormOnSubmit","line":62,"loc":{"start":{"line":62,"column":35},"end":{"line":62,"column":45}}}},"statementMap":{"1":{"start":{"line":0,"column":0},"end":{"line":0,"column":0},"skip":true},"2":{"start":{"line":0,"column":0},"end":{"line":0,"column":0},"skip":true},"3":{"start":{"line":0,"column":0},"end":{"line":0,"column":0},"skip":true},"4":{"start":{"line":0,"column":0},"end":{"line":0,"column":0},"skip":true},"5":{"start":{"line":0,"column":0},"end":{"line":0,"column":0},"skip":true},"6":{"start":{"line":0,"column":0},"end":{"line":0,"column":0},"skip":true},"7":{"start":{"line":0,"column":0},"end":{"line":0,"column":0},"skip":true},"8":{"start":{"line":0,"column":0},"end":{"line":0,"column":0},"skip":true},"9":{"start":{"line":0,"column":0},"end":{"line":0,"column":0},"skip":true},"10":{"start":{"line":0,"column":0},"end":{"line":0,"column":0},"skip":true},"11":{"start":{"line":0,"column":0},"end":{"line":0,"column":0},"skip":true},"12":{"start":{"line":0,"column":0},"end":{"line":0,"column":0},"skip":true},"13":{"start":{"line":1,"column":0},"end":{"line":null,"column":null}},"14":{"start":{"line":0,"column":0},"end":{"line":0,"column":0},"skip":true},"15":{"start":{"line":2,"column":0},"end":{"line":null,"column":null}},"16":{"start":{"line":3,"column":0},"end":{"line":null,"column":null}},"17":{"start":{"line":4,"column":0},"end":{"line":null,"column":null}},"18":{"start":{"line":0,"column":0},"end":{"line":0,"column":0},"skip":true},"19":{"start":{"line":5,"column":0},"end":{"line":null,"column":null}},"20":{"start":{"line":0,"column":0},"end":{"line":0,"column":0},"skip":true},"21":{"start":{"line":6,"column":0},"end":{"line":null,"column":null}},"22":{"start":{"line":7,"column":0},"end":{"line":null,"column":null}},"23":{"start":{"line":0,"column":0},"end":{"line":0,"column":0},"skip":true},"24":{"start":{"line":0,"column":0},"end":{"line":0,"column":0},"skip":true},"25":{"start":{"line":9,"column":7},"end":{"line":null,"column":null}},"26":{"start":{"line":10,"column":10},"end":{"line":null,"column":null}},"27":{"start":{"line":12,"column":8},"end":{"line":null,"column":null}},"28":{"start":{"line":16,"column":8},"end":{"line":null,"column":null}},"29":{"start":{"line":17,"column":14},"end":{"line":null,"column":null}},"30":{"start":{"line":20,"column":10},"end":{"line":null,"column":null}},"31":{"start":{"line":24,"column":7},"end":{"line":null,"column":null}},"32":{"start":{"line":24,"column":35},"end":{"line":null,"column":null}},"33":{"start":{"line":25,"column":4},"end":{"line":null,"column":null}},"34":{"start":{"line":33,"column":13},"end":{"line":null,"column":null}},"35":{"start":{"line":0,"column":0},"end":{"line":0,"column":0},"skip":true},"36":{"start":{"line":34,"column":18},"end":{"line":null,"column":null}},"37":{"start":{"line":0,"column":0},"end":{"line":0,"column":0},"skip":true},"38":{"start":{"line":0,"column":0},"end":{"line":0,"column":0},"skip":true},"39":{"start":{"line":42,"column":4},"end":{"line":null,"column":null}},"40":{"start":{"line":43,"column":12},"end":{"line":null,"column":null}},"41":{"start":{"line":44,"column":17},"end":{"line":null,"column":null}},"42":{"start":{"line":46,"column":17},"end":{"line":null,"column":null}},"43":{"start":{"line":50,"column":4},"end":{"line":null,"column":null}},"44":{"start":{"line":51,"column":16},"end":{"line":null,"column":null}},"45":{"start":{"line":52,"column":14},"end":{"line":null,"column":null}},"46":{"start":{"line":53,"column":13},"end":{"line":null,"column":null}},"47":{"start":{"line":36,"column":13},"end":{"line":null,"column":null}},"48":{"start":{"line":0,"column":0},"end":{"line":0,"column":0},"skip":true},"49":{"start":{"line":0,"column":0},"end":{"line":0,"column":0},"skip":true},"50":{"start":{"line":59,"column":16},"end":{"line":null,"column":null}},"51":{"start":{"line":60,"column":56},"end":{"line":null,"column":null}},"52":{"start":{"line":62,"column":14},"end":{"line":null,"column":null}},"53":{"start":{"line":63,"column":20},"end":{"line":null,"column":null}},"54":{"start":{"line":67,"column":12},"end":{"line":null,"column":null}},"55":{"start":{"line":0,"column":0},"end":{"line":0,"column":0},"skip":true},"56":{"start":{"line":104,"column":0},"end":{"line":null,"column":null}},"57":{"start":{"line":109,"column":0},"end":{"line":null,"column":null}},"58":{"start":{"line":116,"column":15},"end":{"line":null,"column":null}}},"branchMap":{"1":{"line":0,"type":"cond-expr","locations":[{"start":{"line":0,"column":0},"end":{"line":0,"column":0},"skip":true},{"start":{"line":0,"column":0},"end":{"line":0,"column":0},"skip":true}]},"2":{"line":0,"type":"binary-expr","locations":[{"start":{"line":0,"column":0},"end":{"line":0,"column":0},"skip":true},{"start":{"line":0,"column":0},"end":{"line":0,"column":0},"skip":true}]},"3":{"line":12,"type":"if","locations":[{"start":{"line":12,"column":8},"end":{"line":12,"column":8}},{"start":{"line":12,"column":8},"end":{"line":12,"column":8}}]},"4":{"line":16,"type":"if","locations":[{"start":{"line":16,"column":8},"end":{"line":16,"column":8}},{"start":{"line":16,"column":8},"end":{"line":16,"column":8}}]},"5":{"line":0,"type":"binary-expr","locations":[{"start":{"line":0,"column":0},"end":{"line":0,"column":0},"skip":true},{"start":{"line":0,"column":0},"end":{"line":0,"column":0},"skip":true}]},"6":{"line":43,"type":"if","locations":[{"start":{"line":43,"column":12},"end":{"line":43,"column":12}},{"start":{"line":43,"column":12},"end":{"line":43,"column":12}}]},"7":{"line":52,"type":"cond-expr","locations":[{"start":{"line":52,"column":50},"end":{"line":52,"column":30}},{"start":{"line":52,"column":58},"end":{"line":52,"column":8}}]},"8":{"line":82,"type":"cond-expr","locations":[{"start":{"line":82,"column":54},"end":{"line":82,"column":34}},{"start":{"line":82,"column":63},"end":{"line":80,"column":24}}]},"9":{"line":86,"type":"cond-expr","locations":[{"start":{"line":86,"column":60},"end":{"line":86,"column":41}},{"start":{"line":86,"column":307},"end":{"line":80,"column":24}}]},"10":{"line":86,"type":"cond-expr","locations":[{"start":{"line":86,"column":142},"end":{"line":86,"column":122}},{"start":{"line":86,"column":221},"end":{"line":null,"column":null}}]}}},"D:\\loanBeam\\loan-beam\\src\\reducers\\SignInReducer.js":{"path":"D:\\loanBeam\\loan-beam\\src\\reducers\\SignInReducer.js","s":{"1":0,"2":0,"3":0,"4":0,"5":0,"6":0,"7":0,"8":0,"9":0,"10":0,"11":0,"12":0,"13":0,"14":0,"15":0,"16":0,"17":0,"18":0,"19":0,"20":0,"21":0,"22":0,"23":0,"24":0,"25":0,"26":0,"27":0,"28":0,"29":0,"30":0,"31":0},"b":{"1":[0,0],"2":[0,0],"3":[0,0,0,0],"4":[0,0],"5":[0,0],"6":[0,0],"7":[0,0]},"f":{"1":0,"2":0},"fnMap":{"1":{"name":"(anonymous_1)","line":3,"loc":{"start":{"line":3,"column":15},"end":{"line":3,"column":44}}},"2":{"name":"_interopRequireWildcard","line":0,"loc":{"start":{"line":0,"column":0},"end":{"line":0,"column":0}},"skip":true}},"statementMap":{"1":{"start":{"line":0,"column":0},"end":{"line":0,"column":0},"skip":true},"2":{"start":{"line":3,"column":15},"end":{"line":null,"column":null}},"3":{"start":{"line":3,"column":24},"end":{"line":null,"column":null}},"4":{"start":{"line":3,"column":36},"end":{"line":null,"column":null}},"5":{"start":{"line":4,"column":8},"end":{"line":null,"column":null}},"6":{"start":{"line":5,"column":12},"end":{"line":null,"column":null}},"7":{"start":{"line":7,"column":23},"end":{"line":null,"column":null}},"8":{"start":{"line":9,"column":21},"end":{"line":null,"column":null}},"9":{"start":{"line":10,"column":21},"end":{"line":null,"column":null}},"10":{"start":{"line":12,"column":15},"end":{"line":null,"column":null}},"11":{"start":{"line":15,"column":23},"end":{"line":null,"column":null}},"12":{"start":{"line":16,"column":18},"end":{"line":null,"column":null}},"13":{"start":{"line":17,"column":21},"end":{"line":null,"column":null}},"14":{"start":{"line":19,"column":15},"end":{"line":null,"column":null}},"15":{"start":{"line":22,"column":23},"end":{"line":null,"column":null}},"16":{"start":{"line":23,"column":21},"end":{"line":null,"column":null}},"17":{"start":{"line":25,"column":15},"end":{"line":null,"column":null}},"18":{"start":{"line":28,"column":19},"end":{"line":null,"column":null}},"19":{"start":{"line":1,"column":0},"end":{"line":null,"column":null}},"20":{"start":{"line":1,"column":12},"end":{"line":null,"column":null}},"21":{"start":{"line":0,"column":0},"end":{"line":0,"column":0},"skip":true},"22":{"start":{"line":0,"column":0},"end":{"line":0,"column":0},"skip":true},"23":{"start":{"line":0,"column":0},"end":{"line":0,"column":0},"skip":true},"24":{"start":{"line":0,"column":0},"end":{"line":0,"column":0},"skip":true},"25":{"start":{"line":0,"column":0},"end":{"line":0,"column":0},"skip":true},"26":{"start":{"line":0,"column":0},"end":{"line":0,"column":0},"skip":true},"27":{"start":{"line":0,"column":0},"end":{"line":0,"column":0},"skip":true},"28":{"start":{"line":0,"column":0},"end":{"line":0,"column":0},"skip":true},"29":{"start":{"line":0,"column":0},"end":{"line":0,"column":0},"skip":true},"30":{"start":{"line":0,"column":0},"end":{"line":0,"column":0},"skip":true},"31":{"start":{"line":0,"column":0},"end":{"line":0,"column":0},"skip":true}},"branchMap":{"1":{"line":3,"type":"cond-expr","locations":[{"start":{"line":3,"column":32},"end":{"line":3,"column":32}},{"start":{"line":3,"column":32},"end":{"line":3,"column":44}}]},"2":{"line":3,"type":"binary-expr","locations":[{"start":{"line":3,"column":32},"end":{"line":3,"column":32}},{"start":{"line":3,"column":32},"end":{"line":3,"column":32}}]},"3":{"line":6,"type":"switch","locations":[{"start":{"line":6,"column":13},"end":{"line":null,"column":null}},{"start":{"line":14,"column":13},"end":{"line":null,"column":null}},{"start":{"line":21,"column":13},"end":{"line":null,"column":null}},{"start":{"line":0,"column":0},"end":{"line":0,"column":0},"skip":true}]},"4":{"line":0,"type":"if","locations":[{"start":{"line":0,"column":0},"end":{"line":0,"column":0},"skip":true},{"start":{"line":0,"column":0},"end":{"line":0,"column":0},"skip":true}]},"5":{"line":0,"type":"binary-expr","locations":[{"start":{"line":0,"column":0},"end":{"line":0,"column":0},"skip":true},{"start":{"line":0,"column":0},"end":{"line":0,"column":0},"skip":true}]},"6":{"line":0,"type":"if","locations":[{"start":{"line":0,"column":0},"end":{"line":0,"column":0},"skip":true},{"start":{"line":0,"column":0},"end":{"line":0,"column":0},"skip":true}]},"7":{"line":0,"type":"if","locations":[{"start":{"line":0,"column":0},"end":{"line":0,"column":0},"skip":true},{"start":{"line":0,"column":0},"end":{"line":0,"column":0},"skip":true}]}}}}