TN:
SF:D:\loanBeam\loan-beam\src\components\FloatingLabel\FloatingLabel.jsx
FN:12,FloatingLabelField
FN:20,(anonymous_4)
FN:35,render
FN:68,onKeyUp
FNF:4
FNH:4
FNDA:1,FloatingLabelField
FNDA:3,(anonymous_4)
FNDA:10,render
FNDA:3,onKeyUp
DA:1,1
DA:2,1
DA:3,1
DA:4,1
DA:5,1
DA:6,1
DA:7,1
DA:8,1
DA:9,1
DA:11,1
DA:12,1
DA:14,1
DA:20,1
DA:21,3
DA:22,2
DA:24,1
DA:26,3
DA:27,3
DA:28,3
DA:29,0
DA:31,3
DA:51,10
DA:52,10
DA:55,10
DA:69,3
DA:70,3
DA:71,0
DA:123,1
LF:28
LH:26
BRDA:21,4,0,2
BRDA:21,4,1,1
BRDA:28,5,0,0
BRDA:28,5,1,3
BRDA:56,6,0,3
BRDA:56,6,1,7
BRDA:57,7,0,6
BRDA:57,7,1,4
BRDA:57,8,0,10
BRDA:57,8,1,6
BRDA:60,9,0,0
BRDA:60,9,1,10
BRDA:61,10,0,2
BRDA:61,10,1,8
BRDA:61,11,0,10
BRDA:61,11,1,2
BRDA:61,11,2,8
BRDA:65,12,0,0
BRDA:65,12,1,10
BRDA:67,13,0,7
BRDA:67,13,1,3
BRDA:70,14,0,0
BRDA:70,14,1,3
BRDA:80,15,0,10
BRDA:80,15,1,7
BRDA:94,16,0,10
BRDA:94,16,1,0
BRDA:102,17,0,2
BRDA:102,17,1,8
BRDA:101,18,0,10
BRDA:101,18,1,2
BRDA:101,18,2,8
BRDA:102,19,0,0
BRDA:102,19,1,2
BRDA:106,20,0,10
BRDA:106,20,1,4
BRDA:106,20,2,2
BRF:37
BRH:31
end_of_record
TN:
SF:D:\loanBeam\loan-beam\src\common\constants.js
FNF:0
FNH:0
DA:1,1
DA:2,1
DA:4,1
DA:5,1
DA:6,1
LF:5
LH:5
BRF:0
BRH:0
end_of_record
TN:
SF:D:\loanBeam\loan-beam\src\api\RestClient.js
FN:3,getURLWithParams
FN:14,getValidErrors
FN:29,get
FN:36,(anonymous_7)
FN:41,(anonymous_8)
FN:42,(anonymous_9)
FN:47,post
FN:55,(anonymous_11)
FN:57,(anonymous_12)
FN:62,(anonymous_13)
FN:67,put
FN:75,(anonymous_15)
FN:80,(anonymous_16)
FN:81,(anonymous_17)
FN:87,_delete
FN:95,(anonymous_19)
FN:100,(anonymous_20)
FN:101,(anonymous_21)
FN:106,setContext
FNF:19
FNH:0
FNDA:0,getURLWithParams
FNDA:0,getValidErrors
FNDA:0,get
FNDA:0,(anonymous_7)
FNDA:0,(anonymous_8)
FNDA:0,(anonymous_9)
FNDA:0,post
FNDA:0,(anonymous_11)
FNDA:0,(anonymous_12)
FNDA:0,(anonymous_13)
FNDA:0,put
FNDA:0,(anonymous_15)
FNDA:0,(anonymous_16)
FNDA:0,(anonymous_17)
FNDA:0,_delete
FNDA:0,(anonymous_19)
FNDA:0,(anonymous_20)
FNDA:0,(anonymous_21)
FNDA:0,setContext
DA:1,0
DA:3,0
DA:4,0
DA:5,0
DA:7,0
DA:8,0
DA:11,0
DA:14,0
DA:15,0
DA:16,0
DA:17,0
DA:19,0
DA:22,0
DA:28,0
DA:30,0
DA:32,0
DA:37,0
DA:38,0
DA:40,0
DA:41,0
DA:43,0
DA:48,0
DA:50,0
DA:56,0
DA:58,0
DA:59,0
DA:61,0
DA:63,0
DA:68,0
DA:70,0
DA:76,0
DA:77,0
DA:79,0
DA:80,0
DA:82,0
DA:88,0
DA:90,0
DA:96,0
DA:97,0
DA:99,0
DA:100,0
DA:102,0
DA:107,0
DA:108,0
LF:44
LH:0
BRDA:7,3,0,0
BRDA:7,3,1,0
BRDA:11,4,0,0
BRDA:11,4,1,0
BRDA:16,5,0,0
BRDA:16,5,1,0
BRDA:17,6,0,0
BRDA:17,6,1,0
BRF:8
BRH:1
end_of_record
TN:
SF:D:\loanBeam\loan-beam\src\api\SignInApi.js
FN:5,signInCase
FN:12,(anonymous_3)
FNF:2
FNH:0
FNDA:0,signInCase
FNDA:0,(anonymous_3)
DA:2,0
DA:3,0
DA:5,0
DA:6,0
DA:7,0
DA:8,0
DA:9,0
DA:11,0
DA:12,0
DA:15,0
LF:10
LH:0
BRF:0
BRH:0
end_of_record
TN:
SF:D:\loanBeam\loan-beam\src\common\LoanBeamConfig.js
FN:2,(anonymous_3)
FNF:1
FNH:0
FNDA:0,(anonymous_3)
DA:1,0
DA:2,0
DA:4,0
DA:6,0
LF:4
LH:0
BRF:0
BRH:0
end_of_record
TN:
SF:D:\loanBeam\loan-beam\src\common\utils.js
FNF:0
FNH:0
LF:0
LH:0
BRF:0
BRH:0
end_of_record
TN:
SF:D:\loanBeam\loan-beam\src\components\LandingPage\LandingPage.jsx
FN:6,render
FNF:1
FNH:0
FNDA:0,render
DA:1,0
DA:2,0
DA:3,0
DA:5,0
DA:8,0
LF:5
LH:0
BRF:0
BRH:0
end_of_record
TN:
SF:D:\loanBeam\loan-beam\src\components\SignIn\SignIn.jsx
FN:9,validate
FN:24,renderFieldInput
FN:34,SignIn
FN:42,(anonymous_6)
FN:50,(anonymous_7)
FN:58,render
FN:62,signInFormOnSubmit
FNF:7
FNH:0
FNDA:0,validate
FNDA:0,renderFieldInput
FNDA:0,SignIn
FNDA:0,(anonymous_6)
FNDA:0,(anonymous_7)
FNDA:0,render
FNDA:0,signInFormOnSubmit
DA:1,0
DA:2,0
DA:3,0
DA:4,0
DA:5,0
DA:6,0
DA:7,0
DA:9,0
DA:10,0
DA:12,0
DA:16,0
DA:17,0
DA:20,0
DA:24,0
DA:25,0
DA:33,0
DA:34,0
DA:36,0
DA:42,0
DA:43,0
DA:44,0
DA:46,0
DA:50,0
DA:51,0
DA:52,0
DA:53,0
DA:59,0
DA:60,0
DA:62,0
DA:63,0
DA:67,0
DA:104,0
DA:109,0
DA:116,0
LF:34
LH:0
BRDA:12,3,0,0
BRDA:12,3,1,0
BRDA:16,4,0,0
BRDA:16,4,1,0
BRDA:43,6,0,0
BRDA:43,6,1,0
BRDA:52,7,0,0
BRDA:52,7,1,0
BRDA:82,8,0,0
BRDA:82,8,1,0
BRDA:86,9,0,0
BRDA:86,9,1,0
BRDA:86,10,0,0
BRDA:86,10,1,0
BRF:14
BRH:0
end_of_record
TN:
SF:D:\loanBeam\loan-beam\src\reducers\SignInReducer.js
FN:3,(anonymous_1)
FNF:1
FNH:0
FNDA:0,(anonymous_1)
DA:1,0
DA:3,0
DA:4,0
DA:5,0
DA:7,0
DA:9,0
DA:10,0
DA:12,0
DA:15,0
DA:16,0
DA:17,0
DA:19,0
DA:22,0
DA:23,0
DA:25,0
DA:28,0
LF:16
LH:0
BRDA:3,1,0,0
BRDA:3,1,1,0
BRDA:3,2,0,0
BRDA:3,2,1,0
BRDA:6,3,0,0
BRDA:6,3,1,0
BRDA:6,3,2,0
BRDA:6,3,3,0
BRF:8
BRH:1
end_of_record
